<?xml version="1.0" encoding="UTF-8"?>
<!-- Generated by org.testng.reporters.JUnitXMLReporter -->
<testsuite ignored="0" hostname="josep-coordinacio" failures="0" tests="5" name="all" time="6.205" errors="0" timestamp="2026-06-18T11:22:09 CEST">
  <testcase classname="com.exemple.tests.SliderTest" name="testMoureSlider" time="0.462"/>
  <testcase classname="com.exemple.tests.LoginTestErroni" name="testLoginErroni" time="0.411"/>
  <testcase classname="com.exemple.tests.RedirectTest" name="testRedireccioCorrecta" time="0.311"/>
  <testcase classname="com.exemple.tests.LoginTest" name="testLogin" time="0.432"/>
  <testcase classname="com.exemple.tests.NavigationTest" name="testNavigation" time="2.805"/>
</testsuite> <!-- all -->
