<?xml version="1.0" encoding="UTF-8"?>
<testng-results ignored="0" total="5" passed="5" failed="0" skipped="0">
  <reporter-output>
  </reporter-output>
  <suite started-at="2026-06-18T11:22:02 CEST" name="StartUsingWebDriver test exemples" finished-at="2026-06-18T11:22:09 CEST" duration-ms="6205">
    <groups>
    </groups>
    <test started-at="2026-06-18T11:22:02 CEST" name="all" finished-at="2026-06-18T11:22:09 CEST" duration-ms="6205">
      <class name="com.exemple.tests.NavigationTest">
        <test-method is-config="true" signature="setUp()[pri:0, instance:com.exemple.tests.NavigationTest@20d28811]" started-at="2026-06-18T11:22:05 CEST" name="setUp" finished-at="2026-06-18T11:22:06 CEST" duration-ms="534" status="PASS">
          <reporter-output>
          </reporter-output>
        </test-method> <!-- setUp -->
        <test-method signature="testNavigation()[pri:0, instance:com.exemple.tests.NavigationTest@20d28811]" started-at="2026-06-18T11:22:06 CEST" name="testNavigation" finished-at="2026-06-18T11:22:08 CEST" duration-ms="2805" status="PASS">
          <reporter-output>
          </reporter-output>
        </test-method> <!-- testNavigation -->
        <test-method is-config="true" signature="tearDown()[pri:0, instance:com.exemple.tests.NavigationTest@20d28811]" started-at="2026-06-18T11:22:08 CEST" name="tearDown" finished-at="2026-06-18T11:22:09 CEST" duration-ms="69" status="PASS">
          <reporter-output>
          </reporter-output>
        </test-method> <!-- tearDown -->
      </class> <!-- com.exemple.tests.NavigationTest -->
      <class name="com.exemple.tests.RedirectTest">
        <test-method is-config="true" signature="setUp()[pri:0, instance:com.exemple.tests.RedirectTest@59d016c9]" started-at="2026-06-18T11:22:02 CEST" name="setUp" finished-at="2026-06-18T11:22:03 CEST" duration-ms="878" status="PASS">
          <reporter-output>
          </reporter-output>
        </test-method> <!-- setUp -->
        <test-method is-config="true" signature="navigateToRedirector()[pri:0, instance:com.exemple.tests.RedirectTest@59d016c9]" started-at="2026-06-18T11:22:03 CEST" name="navigateToRedirector" finished-at="2026-06-18T11:22:05 CEST" duration-ms="1724" status="PASS">
          <reporter-output>
          </reporter-output>
        </test-method> <!-- navigateToRedirector -->
        <test-method signature="testRedireccioCorrecta()[pri:0, instance:com.exemple.tests.RedirectTest@59d016c9]" started-at="2026-06-18T11:22:05 CEST" name="testRedireccioCorrecta" finished-at="2026-06-18T11:22:05 CEST" duration-ms="311" status="PASS">
          <reporter-output>
          </reporter-output>
        </test-method> <!-- testRedireccioCorrecta -->
        <test-method is-config="true" signature="tearDown()[pri:0, instance:com.exemple.tests.RedirectTest@59d016c9]" started-at="2026-06-18T11:22:05 CEST" name="tearDown" finished-at="2026-06-18T11:22:05 CEST" duration-ms="70" status="PASS">
          <reporter-output>
          </reporter-output>
        </test-method> <!-- tearDown -->
      </class> <!-- com.exemple.tests.RedirectTest -->
      <class name="com.exemple.tests.SliderTest">
        <test-method is-config="true" signature="setUp()[pri:0, instance:com.exemple.tests.SliderTest@3cc2931c]" started-at="2026-06-18T11:22:02 CEST" name="setUp" finished-at="2026-06-18T11:22:03 CEST" duration-ms="813" status="PASS">
          <reporter-output>
          </reporter-output>
        </test-method> <!-- setUp -->
        <test-method is-config="true" signature="navigateToSliderPage()[pri:0, instance:com.exemple.tests.SliderTest@3cc2931c]" started-at="2026-06-18T11:22:03 CEST" name="navigateToSliderPage" finished-at="2026-06-18T11:22:05 CEST" duration-ms="1429" status="PASS">
          <reporter-output>
          </reporter-output>
        </test-method> <!-- navigateToSliderPage -->
        <test-method signature="testMoureSlider()[pri:0, instance:com.exemple.tests.SliderTest@3cc2931c]" started-at="2026-06-18T11:22:05 CEST" name="testMoureSlider" finished-at="2026-06-18T11:22:05 CEST" duration-ms="462" status="PASS">
          <reporter-output>
          </reporter-output>
        </test-method> <!-- testMoureSlider -->
        <test-method is-config="true" signature="tearDown()[pri:0, instance:com.exemple.tests.SliderTest@3cc2931c]" started-at="2026-06-18T11:22:05 CEST" name="tearDown" finished-at="2026-06-18T11:22:05 CEST" duration-ms="73" status="PASS">
          <reporter-output>
          </reporter-output>
        </test-method> <!-- tearDown -->
      </class> <!-- com.exemple.tests.SliderTest -->
      <class name="com.exemple.tests.LoginTest">
        <test-method is-config="true" signature="setUp()[pri:0, instance:com.exemple.tests.LoginTest@4b5a5ed1]" started-at="2026-06-18T11:22:02 CEST" name="setUp" finished-at="2026-06-18T11:22:03 CEST" duration-ms="879" status="PASS">
          <reporter-output>
          </reporter-output>
        </test-method> <!-- setUp -->
        <test-method is-config="true" signature="navigateToLogin()[pri:0, instance:com.exemple.tests.LoginTest@4b5a5ed1]" started-at="2026-06-18T11:22:03 CEST" name="navigateToLogin" finished-at="2026-06-18T11:22:05 CEST" duration-ms="1672" status="PASS">
          <reporter-output>
          </reporter-output>
        </test-method> <!-- navigateToLogin -->
        <test-method signature="testLogin()[pri:0, instance:com.exemple.tests.LoginTest@4b5a5ed1]" started-at="2026-06-18T11:22:05 CEST" name="testLogin" finished-at="2026-06-18T11:22:05 CEST" duration-ms="432" status="PASS">
          <reporter-output>
          </reporter-output>
        </test-method> <!-- testLogin -->
        <test-method is-config="true" signature="tearDown()[pri:0, instance:com.exemple.tests.LoginTest@4b5a5ed1]" started-at="2026-06-18T11:22:05 CEST" name="tearDown" finished-at="2026-06-18T11:22:05 CEST" duration-ms="71" status="PASS">
          <reporter-output>
          </reporter-output>
        </test-method> <!-- tearDown -->
      </class> <!-- com.exemple.tests.LoginTest -->
      <class name="com.exemple.tests.LoginTestErroni">
        <test-method is-config="true" signature="setUp()[pri:0, instance:com.exemple.tests.LoginTestErroni@161479c6]" started-at="2026-06-18T11:22:02 CEST" name="setUp" finished-at="2026-06-18T11:22:03 CEST" duration-ms="811" status="PASS">
          <reporter-output>
          </reporter-output>
        </test-method> <!-- setUp -->
        <test-method is-config="true" signature="navigateToLogin()[pri:0, instance:com.exemple.tests.LoginTestErroni@161479c6]" started-at="2026-06-18T11:22:03 CEST" name="navigateToLogin" finished-at="2026-06-18T11:22:05 CEST" duration-ms="1573" status="PASS">
          <reporter-output>
          </reporter-output>
        </test-method> <!-- navigateToLogin -->
        <test-method signature="testLoginErroni()[pri:0, instance:com.exemple.tests.LoginTestErroni@161479c6]" started-at="2026-06-18T11:22:05 CEST" name="testLoginErroni" finished-at="2026-06-18T11:22:05 CEST" duration-ms="411" status="PASS">
          <reporter-output>
          </reporter-output>
        </test-method> <!-- testLoginErroni -->
        <test-method is-config="true" signature="tearDown()[pri:0, instance:com.exemple.tests.LoginTestErroni@161479c6]" started-at="2026-06-18T11:22:05 CEST" name="tearDown" finished-at="2026-06-18T11:22:05 CEST" duration-ms="68" status="PASS">
          <reporter-output>
          </reporter-output>
        </test-method> <!-- tearDown -->
      </class> <!-- com.exemple.tests.LoginTestErroni -->
    </test> <!-- all -->
  </suite> <!-- StartUsingWebDriver test exemples -->
</testng-results>
