<?xml version="1.0" encoding="UTF-8"?>
<testsuite xmlns:xsi="http://www.w3.org/2001/XMLSchema-instance" xsi:noNamespaceSchemaLocation="https://maven.apache.org/surefire/maven-surefire-plugin/xsd/surefire-test-report-3.0.xsd" version="3.0" name="TestSuite" time="6.455" tests="5" errors="0" skipped="0" failures="0">
  <properties>
[...]
</properties>
  <testcase name="testMoureSlider" classname="com.exemple.tests.SliderTest" time="0.106">
    <system-err><![CDATA[SLF4J: Failed to load class "org.slf4j.impl.StaticLoggerBinder".
SLF4J: Defaulting to no-operation (NOP) logger implementation
SLF4J: See http://www.slf4j.org/codes.html#StaticLoggerBinder for further details.
]]></system-err>
  </testcase>
  <testcase name="testLoginErroni" classname="com.exemple.tests.LoginTestErroni" time="0.198"/>
  <testcase name="testRedireccioCorrecta" classname="com.exemple.tests.RedirectTest" time="0.312"/>
  <testcase name="testLogin" classname="com.exemple.tests.LoginTest" time="0.379"/>
  <testcase name="testNavigation" classname="com.exemple.tests.NavigationTest" time="2.805"/>
</testsuite>